[debug] [2023-05-12T18:34:17.520Z] ----------------------------------------------------------------------
[debug] [2023-05-12T18:34:17.521Z] Command:       /Users/gang-eunsol/.nvm/versions/node/v16.14.2/bin/node /Users/gang-eunsol/.nvm/versions/node/v16.14.2/bin/firebase init hosting
[debug] [2023-05-12T18:34:17.522Z] CLI Version:   11.24.0
[debug] [2023-05-12T18:34:17.522Z] Platform:      darwin
[debug] [2023-05-12T18:34:17.522Z] Node Version:  v16.14.2
[debug] [2023-05-12T18:34:17.523Z] Time:          Sat May 13 2023 03:34:17 GMT+0900 (대한민국 표준시)
[debug] [2023-05-12T18:34:17.523Z] ----------------------------------------------------------------------
[debug] 
[debug] [2023-05-12T18:34:17.578Z] > command requires scopes: ["email","openid","https://www.googleapis.com/auth/cloudplatformprojects.readonly","https://www.googleapis.com/auth/firebase","https://www.googleapis.com/auth/cloud-platform"]
[debug] [2023-05-12T18:34:17.578Z] > authorizing via signed-in user (eunsol2953@gmail.com)
[info] 
     ######## #### ########  ######## ########     ###     ######  ########
     ##        ##  ##     ## ##       ##     ##  ##   ##  ##       ##
     ######    ##  ########  ######   ########  #########  ######  ######
     ##        ##  ##    ##  ##       ##     ## ##     ##       ## ##
     ##       #### ##     ## ######## ########  ##     ##  ######  ########

You're about to initialize a Firebase project in this directory:

  /Users/gang-eunsol/Desktop/inkarthon

Before we get started, keep in mind:

  * You are initializing within an existing Firebase project directory

[info] 
=== Project Setup
[info] 
[info] First, let's associate this project directory with a Firebase project.
[info] You can create multiple project aliases by running firebase use --add, 
[info] but for now we'll just set up a default project.
[info] 
[debug] [2023-05-12T18:34:17.581Z] Using project from CLI flag: inkarthon
[debug] [2023-05-12T18:34:17.583Z] >>> [apiv2][query] GET https://firebase.googleapis.com/v1beta1/projects/inkarthon [none]
[debug] [2023-05-12T18:34:18.164Z] <<< [apiv2][status] GET https://firebase.googleapis.com/v1beta1/projects/inkarthon 200
[debug] [2023-05-12T18:34:18.164Z] <<< [apiv2][body] GET https://firebase.googleapis.com/v1beta1/projects/inkarthon {"projectId":"inkarthon","projectNumber":"790929260071","displayName":"inkarthon","name":"projects/inkarthon","resources":{"hostingSite":"inkarthon","realtimeDatabaseInstance":"inkarthon-default-rtdb"},"state":"ACTIVE","etag":"1_c7faa361-da05-4aac-8534-45640de92e5d"}
[info] i  Using project inkarthon (inkarthon) 
[info] 
=== Hosting Setup
[info] 
[info] Your public directory is the folder (relative to your project directory) that
[info] will contain Hosting assets to be uploaded with firebase deploy. If you
[info] have a build process for your assets, use your build's output directory.
[info] 
